apps/android/app/build/intermediates/manifest_merge_blame_file/debug/processDebugMainManifest/manifest-merger-blame-debug-report.txt
1<?xml version="1.0" encoding="utf-8"?>
2<manifest xmlns:android="http://schemas.android.com/apk/res/android"
3    package="com.siar.messenger"
4    android:versionCode="1"
5    android:versionName="0.1.0" >
6
7    <uses-sdk
8        android:minSdkVersion="26"
9        android:targetSdkVersion="35" />
10
11    <!-- Iroh Internet/LAN (Phase 1) -->
12    <uses-permission android:name="android.permission.INTERNET" />
12-->src/main/AndroidManifest.xml:6:5-67
12-->src/main/AndroidManifest.xml:6:22-64
13    <uses-permission android:name="android.permission.ACCESS_NETWORK_STATE" />
13-->src/main/AndroidManifest.xml:7:5-79
13-->src/main/AndroidManifest.xml:7:22-76
14    <uses-permission android:name="android.permission.ACCESS_WIFI_STATE" />
14-->src/main/AndroidManifest.xml:8:5-76
14-->src/main/AndroidManifest.xml:8:22-73
15    <!--
16         mDNS local discovery needs a multicast lock — see
17         siar-transport-wifi-direct's lib.rs doc comment on why Android
18         silently drops multicast on a P2P interface without one held.
19    -->
20    <uses-permission android:name="android.permission.CHANGE_WIFI_MULTICAST_STATE" />
20-->src/main/AndroidManifest.xml:12:5-86
20-->src/main/AndroidManifest.xml:12:22-83
21
22    <!-- Wi-Fi Direct (next.md §15-17) -->
23    <uses-permission android:name="android.permission.CHANGE_WIFI_STATE" />
23-->src/main/AndroidManifest.xml:15:5-76
23-->src/main/AndroidManifest.xml:15:22-73
24    <!--
25         ACCESS_FINE_LOCATION is required by the platform for Wi-Fi Direct
26         peer discovery and BLE scanning, not something this app wants
27         for its own purposes — Android ties peer-scan results to
28         location permission at the OS level; there is no way around
29         declaring it if either transport is used.
30    -->
31    <uses-permission android:name="android.permission.ACCESS_FINE_LOCATION" />
31-->src/main/AndroidManifest.xml:21:5-79
31-->src/main/AndroidManifest.xml:21:22-76
32
33    <!--
34         Wi-Fi Aware / NAN (next.md §18-20), API 26+ — no separate
35         ACCESS_WIFI_STATE declaration needed here: it's already
36         declared once, above, for Wi-Fi Direct/mDNS use, and Android
37         manifest permissions are declared once per app regardless of
38         how many features rely on them (a duplicate declaration is a
39         real AAPT-flagged warning, not just redundant-looking).
40    -->
41    <uses-feature
41-->src/main/AndroidManifest.xml:29:5-89
42        android:name="android.hardware.wifi.aware"
42-->src/main/AndroidManifest.xml:29:19-61
43        android:required="false" />
43-->src/main/AndroidManifest.xml:29:62-86
44
45    <!-- BLE (next.md §22-26) and Bluetooth Classic (next.md §21) -->
46    <uses-permission
46-->src/main/AndroidManifest.xml:32:5-95
47        android:name="android.permission.BLUETOOTH"
47-->src/main/AndroidManifest.xml:32:22-65
48        android:maxSdkVersion="30" />
48-->src/main/AndroidManifest.xml:32:66-92
49    <uses-permission
49-->src/main/AndroidManifest.xml:33:5-101
50        android:name="android.permission.BLUETOOTH_ADMIN"
50-->src/main/AndroidManifest.xml:33:22-71
51        android:maxSdkVersion="30" />
51-->src/main/AndroidManifest.xml:33:72-98
52    <!--
53         API 31+ split Bluetooth permission into these three, each
54         `neverForLocation` where the OS allows it — this app's BLE
55         scanning is for peer discovery, never geolocation, and telling
56         the OS that is what lets it skip also requiring
57         ACCESS_FINE_LOCATION on API 31+ (unlike Wi-Fi Direct above,
58         which has no such carve-out).
59    -->
60    <uses-permission
60-->src/main/AndroidManifest.xml:40:5-42:31
61        android:name="android.permission.BLUETOOTH_SCAN"
61-->src/main/AndroidManifest.xml:40:22-70
62        android:usesPermissionFlags="neverForLocation" />
62-->src/main/AndroidManifest.xml:41:9-55
63    <uses-permission android:name="android.permission.BLUETOOTH_ADVERTISE" />
63-->src/main/AndroidManifest.xml:43:5-78
63-->src/main/AndroidManifest.xml:43:22-75
64    <uses-permission android:name="android.permission.BLUETOOTH_CONNECT" />
64-->src/main/AndroidManifest.xml:44:5-76
64-->src/main/AndroidManifest.xml:44:22-73
65
66    <uses-feature
66-->src/main/AndroidManifest.xml:45:5-91
67        android:name="android.hardware.bluetooth_le"
67-->src/main/AndroidManifest.xml:45:19-63
68        android:required="false" />
68-->src/main/AndroidManifest.xml:45:64-88
69
70    <!--
71         Emergency Mode (next.md Phase 6) may need to keep radios/relay
72         work alive past what a foreground app alone survives (Doze,
73         background execution limits) — declared here since the
74         permission itself is manifest-level even though the actual
75         foreground service (next.md §Phase 6's SOS mode) isn't built by
76         this pass; see MainActivity.kt's own doc comment for what this
77         app does and doesn't wire up yet.
78    -->
79    <uses-permission android:name="android.permission.FOREGROUND_SERVICE" />
79-->src/main/AndroidManifest.xml:54:5-77
79-->src/main/AndroidManifest.xml:54:22-74
80
81    <permission
81-->[androidx.core:core:1.15.0] AndroidManifest.xml:22:5-24:47
82        android:name="com.siar.messenger.DYNAMIC_RECEIVER_NOT_EXPORTED_PERMISSION"
82-->[androidx.core:core:1.15.0] AndroidManifest.xml:23:9-81
83        android:protectionLevel="signature" />
83-->[androidx.core:core:1.15.0] AndroidManifest.xml:24:9-44
84
85    <uses-permission android:name="com.siar.messenger.DYNAMIC_RECEIVER_NOT_EXPORTED_PERMISSION" />
85-->[androidx.core:core:1.15.0] AndroidManifest.xml:26:5-97
85-->[androidx.core:core:1.15.0] AndroidManifest.xml:26:22-94
86
87    <application
87-->src/main/AndroidManifest.xml:56:5-71:19
88        android:allowBackup="false"
88-->src/main/AndroidManifest.xml:57:9-36
89        android:appComponentFactory="androidx.core.app.CoreComponentFactory"
89-->[androidx.core:core:1.15.0] AndroidManifest.xml:28:18-86
90        android:debuggable="true"
91        android:extractNativeLibs="false"
92        android:label="@string/app_name"
92-->src/main/AndroidManifest.xml:58:9-41
93        android:theme="@style/Theme.SiarMessenger"
93-->src/main/AndroidManifest.xml:59:9-51
94        android:usesCleartextTraffic="false" >
94-->src/main/AndroidManifest.xml:60:9-45
95        <activity
95-->src/main/AndroidManifest.xml:62:9-70:20
96            android:name="com.siar.messenger.MainActivity"
96-->src/main/AndroidManifest.xml:63:13-41
97            android:exported="true"
97-->src/main/AndroidManifest.xml:64:13-36
98            android:launchMode="singleTop" >
98-->src/main/AndroidManifest.xml:65:13-43
99            <intent-filter>
99-->src/main/AndroidManifest.xml:66:13-69:29
100                <action android:name="android.intent.action.MAIN" />
100-->src/main/AndroidManifest.xml:67:17-69
100-->src/main/AndroidManifest.xml:67:25-66
101
102                <category android:name="android.intent.category.LAUNCHER" />
102-->src/main/AndroidManifest.xml:68:17-77
102-->src/main/AndroidManifest.xml:68:27-74
103            </intent-filter>
104        </activity>
105
106        <provider
106-->[androidx.emoji2:emoji2:1.3.0] AndroidManifest.xml:24:9-32:20
107            android:name="androidx.startup.InitializationProvider"
107-->[androidx.emoji2:emoji2:1.3.0] AndroidManifest.xml:25:13-67
108            android:authorities="com.siar.messenger.androidx-startup"
108-->[androidx.emoji2:emoji2:1.3.0] AndroidManifest.xml:26:13-68
109            android:exported="false" >
109-->[androidx.emoji2:emoji2:1.3.0] AndroidManifest.xml:27:13-37
110            <meta-data
110-->[androidx.emoji2:emoji2:1.3.0] AndroidManifest.xml:29:13-31:52
111                android:name="androidx.emoji2.text.EmojiCompatInitializer"
111-->[androidx.emoji2:emoji2:1.3.0] AndroidManifest.xml:30:17-75
112                android:value="androidx.startup" />
112-->[androidx.emoji2:emoji2:1.3.0] AndroidManifest.xml:31:17-49
113            <meta-data
113-->[androidx.lifecycle:lifecycle-process:2.8.7] AndroidManifest.xml:29:13-31:52
114                android:name="androidx.lifecycle.ProcessLifecycleInitializer"
114-->[androidx.lifecycle:lifecycle-process:2.8.7] AndroidManifest.xml:30:17-78
115                android:value="androidx.startup" />
115-->[androidx.lifecycle:lifecycle-process:2.8.7] AndroidManifest.xml:31:17-49
116            <meta-data
116-->[androidx.profileinstaller:profileinstaller:1.3.1] AndroidManifest.xml:29:13-31:52
117                android:name="androidx.profileinstaller.ProfileInstallerInitializer"
117-->[androidx.profileinstaller:profileinstaller:1.3.1] AndroidManifest.xml:30:17-85
118                android:value="androidx.startup" />
118-->[androidx.profileinstaller:profileinstaller:1.3.1] AndroidManifest.xml:31:17-49
119        </provider>
120
121        <receiver
121-->[androidx.profileinstaller:profileinstaller:1.3.1] AndroidManifest.xml:34:9-52:20
122            android:name="androidx.profileinstaller.ProfileInstallReceiver"
122-->[androidx.profileinstaller:profileinstaller:1.3.1] AndroidManifest.xml:35:13-76
123            android:directBootAware="false"
123-->[androidx.profileinstaller:profileinstaller:1.3.1] AndroidManifest.xml:36:13-44
124            android:enabled="true"
124-->[androidx.profileinstaller:profileinstaller:1.3.1] AndroidManifest.xml:37:13-35
125            android:exported="true"
125-->[androidx.profileinstaller:profileinstaller:1.3.1] AndroidManifest.xml:38:13-36
126            android:permission="android.permission.DUMP" >
126-->[androidx.profileinstaller:profileinstaller:1.3.1] AndroidManifest.xml:39:13-57
127            <intent-filter>
127-->[androidx.profileinstaller:profileinstaller:1.3.1] AndroidManifest.xml:40:13-42:29
128                <action android:name="androidx.profileinstaller.action.INSTALL_PROFILE" />
128-->[androidx.profileinstaller:profileinstaller:1.3.1] AndroidManifest.xml:41:17-91
128-->[androidx.profileinstaller:profileinstaller:1.3.1] AndroidManifest.xml:41:25-88
129            </intent-filter>
130            <intent-filter>
130-->[androidx.profileinstaller:profileinstaller:1.3.1] AndroidManifest.xml:43:13-45:29
131                <action android:name="androidx.profileinstaller.action.SKIP_FILE" />
131-->[androidx.profileinstaller:profileinstaller:1.3.1] AndroidManifest.xml:44:17-85
131-->[androidx.profileinstaller:profileinstaller:1.3.1] AndroidManifest.xml:44:25-82
132            </intent-filter>
133            <intent-filter>
133-->[androidx.profileinstaller:profileinstaller:1.3.1] AndroidManifest.xml:46:13-48:29
134                <action android:name="androidx.profileinstaller.action.SAVE_PROFILE" />
134-->[androidx.profileinstaller:profileinstaller:1.3.1] AndroidManifest.xml:47:17-88
134-->[androidx.profileinstaller:profileinstaller:1.3.1] AndroidManifest.xml:47:25-85
135            </intent-filter>
136            <intent-filter>
136-->[androidx.profileinstaller:profileinstaller:1.3.1] AndroidManifest.xml:49:13-51:29
137                <action android:name="androidx.profileinstaller.action.BENCHMARK_OPERATION" />
137-->[androidx.profileinstaller:profileinstaller:1.3.1] AndroidManifest.xml:50:17-95
137-->[androidx.profileinstaller:profileinstaller:1.3.1] AndroidManifest.xml:50:25-92
138            </intent-filter>
139        </receiver>
140    </application>
141
142</manifest>